<?xml version="1.0" encoding="UTF-8"?>
<!-- Generated by org.testng.reporters.JUnitXMLReporter -->
<testsuite ignored="0" hostname="Kapil" failures="0" tests="5" name="Test" time="30.101" errors="0" timestamp="2025-08-25T17:37:39 IST">
  <testcase classname="testCases.TC001_AccountRegistrationTest" name="verify_account_registration" time="4.246"/>
  <testcase classname="testCases.TC002_LoginTest" name="verify_login" time="2.867"/>
  <testcase classname="testCases.TC003_SearchProduct" name="verify_search" time="3.76"/>
  <testcase classname="testCases.TC004_AddToCart" name="verify_AddToCart" time="0.879"/>
  <testcase classname="testCases.TC004_AddToCart" name="verify_ValidateAddToCart" time="0.23"/>
</testsuite> <!-- Test -->
