<?xml version="1.0" encoding="UTF-8"?>
<testng-results ignored="0" total="5" passed="5" failed="0" skipped="0">
  <reporter-output>
  </reporter-output>
  <suite started-at="2025-08-25T17:37:09 IST" name="Master Suite" finished-at="2025-08-25T17:37:39 IST" duration-ms="30101">
    <groups>
      <group name="Master">
        <method signature="TC001_AccountRegistrationTest.verify_account_registration()[pri:0, instance:testCases.TC001_AccountRegistrationTest@6356695f]" name="verify_account_registration" class="testCases.TC001_AccountRegistrationTest"/>
      </group> <!-- Master -->
      <group name="Regression">
        <method signature="TC001_AccountRegistrationTest.verify_account_registration()[pri:0, instance:testCases.TC001_AccountRegistrationTest@6356695f]" name="verify_account_registration" class="testCases.TC001_AccountRegistrationTest"/>
      </group> <!-- Regression -->
    </groups>
    <test started-at="2025-08-25T17:37:09 IST" name="Test" finished-at="2025-08-25T17:37:39 IST" duration-ms="30101">
      <class name="testCases.TC002_LoginTest">
        <test-method is-config="true" signature="setup(java.lang.String)[pri:0, instance:testCases.TC002_LoginTest@4fb61f4a]" started-at="2025-08-25T17:37:21 IST" name="setup" finished-at="2025-08-25T17:37:24 IST" duration-ms="3129" status="PASS">
          <params>
            <param index="0">
              <value>
                <![CDATA[chrome]]>
              </value>
            </param>
          </params>
          <reporter-output>
          </reporter-output>
        </test-method> <!-- setup -->
        <test-method signature="verify_login()[pri:0, instance:testCases.TC002_LoginTest@4fb61f4a]" started-at="2025-08-25T17:37:24 IST" name="verify_login" finished-at="2025-08-25T17:37:27 IST" duration-ms="2867" status="PASS">
          <reporter-output>
          </reporter-output>
        </test-method> <!-- verify_login -->
        <test-method is-config="true" signature="tearDown()[pri:0, instance:testCases.TC002_LoginTest@4fb61f4a]" started-at="2025-08-25T17:37:27 IST" name="tearDown" finished-at="2025-08-25T17:37:27 IST" duration-ms="387" status="PASS">
          <reporter-output>
          </reporter-output>
        </test-method> <!-- tearDown -->
      </class> <!-- testCases.TC002_LoginTest -->
      <class name="testCases.TC004_AddToCart">
        <test-method is-config="true" signature="setup(java.lang.String)[pri:0, instance:testCases.TC004_AddToCart@79924b]" started-at="2025-08-25T17:37:35 IST" name="setup" finished-at="2025-08-25T17:37:37 IST" duration-ms="2766" status="PASS">
          <params>
            <param index="0">
              <value>
                <![CDATA[chrome]]>
              </value>
            </param>
          </params>
          <reporter-output>
          </reporter-output>
        </test-method> <!-- setup -->
        <test-method signature="verify_AddToCart()[pri:1, instance:testCases.TC004_AddToCart@79924b]" started-at="2025-08-25T17:37:37 IST" name="verify_AddToCart" finished-at="2025-08-25T17:37:38 IST" duration-ms="879" status="PASS">
          <reporter-output>
          </reporter-output>
        </test-method> <!-- verify_AddToCart -->
        <test-method signature="verify_ValidateAddToCart()[pri:2, instance:testCases.TC004_AddToCart@79924b]" started-at="2025-08-25T17:37:38 IST" name="verify_ValidateAddToCart" finished-at="2025-08-25T17:37:39 IST" duration-ms="230" status="PASS">
          <reporter-output>
          </reporter-output>
        </test-method> <!-- verify_ValidateAddToCart -->
        <test-method is-config="true" signature="tearDown()[pri:0, instance:testCases.TC004_AddToCart@79924b]" started-at="2025-08-25T17:37:39 IST" name="tearDown" finished-at="2025-08-25T17:37:39 IST" duration-ms="325" status="PASS">
          <reporter-output>
          </reporter-output>
        </test-method> <!-- tearDown -->
      </class> <!-- testCases.TC004_AddToCart -->
      <class name="testCases.TC001_AccountRegistrationTest">
        <test-method is-config="true" signature="setup(java.lang.String)[pri:0, instance:testCases.TC001_AccountRegistrationTest@6356695f]" started-at="2025-08-25T17:37:10 IST" name="setup" finished-at="2025-08-25T17:37:16 IST" duration-ms="6800" status="PASS">
          <params>
            <param index="0">
              <value>
                <![CDATA[chrome]]>
              </value>
            </param>
          </params>
          <reporter-output>
          </reporter-output>
        </test-method> <!-- setup -->
        <test-method signature="verify_account_registration()[pri:0, instance:testCases.TC001_AccountRegistrationTest@6356695f]" started-at="2025-08-25T17:37:16 IST" name="verify_account_registration" finished-at="2025-08-25T17:37:21 IST" duration-ms="4246" status="PASS">
          <reporter-output>
          </reporter-output>
        </test-method> <!-- verify_account_registration -->
        <test-method is-config="true" signature="tearDown()[pri:0, instance:testCases.TC001_AccountRegistrationTest@6356695f]" started-at="2025-08-25T17:37:21 IST" name="tearDown" finished-at="2025-08-25T17:37:21 IST" duration-ms="458" status="PASS">
          <reporter-output>
          </reporter-output>
        </test-method> <!-- tearDown -->
      </class> <!-- testCases.TC001_AccountRegistrationTest -->
      <class name="testCases.TC003_SearchProduct">
        <test-method is-config="true" signature="setup(java.lang.String)[pri:0, instance:testCases.TC003_SearchProduct@4fb0f2b9]" started-at="2025-08-25T17:37:27 IST" name="setup" finished-at="2025-08-25T17:37:31 IST" duration-ms="3103" status="PASS">
          <params>
            <param index="0">
              <value>
                <![CDATA[chrome]]>
              </value>
            </param>
          </params>
          <reporter-output>
          </reporter-output>
        </test-method> <!-- setup -->
        <test-method signature="verify_search()[pri:0, instance:testCases.TC003_SearchProduct@4fb0f2b9]" started-at="2025-08-25T17:37:31 IST" name="verify_search" finished-at="2025-08-25T17:37:34 IST" duration-ms="3760" status="PASS">
          <reporter-output>
          </reporter-output>
        </test-method> <!-- verify_search -->
        <test-method is-config="true" signature="tearDown()[pri:0, instance:testCases.TC003_SearchProduct@4fb0f2b9]" started-at="2025-08-25T17:37:34 IST" name="tearDown" finished-at="2025-08-25T17:37:35 IST" duration-ms="389" status="PASS">
          <reporter-output>
          </reporter-output>
        </test-method> <!-- tearDown -->
      </class> <!-- testCases.TC003_SearchProduct -->
    </test> <!-- Test -->
  </suite> <!-- Master Suite -->
</testng-results>
